TN:
SF:src/components/features/FavoritesPage.tsx
FN:33,FavoritesPage
FN:49,getPackName
FN:74,getVocabulariesForPack
FN:79,loadFavorites
FN:124,handleDeleteVocabulary
FN:133,handleDeleteGrammar
FN:142,handleGoToArticle
FN:149,handleCreatePack
FN:174,handleDeletePack
FN:186,getPlainTextExport
FN:188,handleCopyToClipboard
FN:201,handleDownloadTxt
FN:216,handleExportWordPack
FN:232,handleImportWordPack
FN:237,reader.onload
FN:308,onClick
FN:321,onCreatePack
FN:322,onCopyWords
FN:323,onDownloadTxt
FN:324,onExportWordPack
FN:325,onDeletePack
FN:326,onStartReview
FN:343,onDelete
FN:346,onGoToArticle
FN:396,onOpenChange
FN:409,onChange
FN:411,onKeyDown
FN:419,onClick
FN:422,onClick
FNF:29
FNH:22
FNDA:35,FavoritesPage
FNDA:36,getPackName
FNDA:3,getVocabulariesForPack
FNDA:11,loadFavorites
FNDA:0,handleDeleteVocabulary
FNDA:0,handleDeleteGrammar
FNDA:1,handleGoToArticle
FNDA:1,handleCreatePack
FNDA:1,handleDeletePack
FNDA:1,getPlainTextExport
FNDA:1,handleCopyToClipboard
FNDA:1,handleDownloadTxt
FNDA:1,handleExportWordPack
FNDA:1,handleImportWordPack
FNDA:1,reader.onload
FNDA:0,onClick
FNDA:1,onCreatePack
FNDA:1,onCopyWords
FNDA:1,onDownloadTxt
FNDA:1,onExportWordPack
FNDA:1,onDeletePack
FNDA:0,onStartReview
FNDA:0,onDelete
FNDA:1,onGoToArticle
FNDA:0,onOpenChange
FNDA:5,onChange
FNDA:5,onKeyDown
FNDA:0,onClick
FNDA:1,onClick
DA:1,1
DA:2,1
DA:3,1
DA:4,1
DA:5,1
DA:6,1
DA:7,1
DA:8,1
DA:9,1
DA:11,1
DA:12,1
DA:13,1
DA:33,1
DA:34,35
DA:35,35
DA:36,35
DA:37,35
DA:38,35
DA:39,35
DA:40,35
DA:41,35
DA:42,35
DA:43,35
DA:44,35
DA:45,35
DA:46,35
DA:47,35
DA:49,35
DA:50,36
DA:51,36
DA:52,36
DA:54,35
DA:55,35
DA:56,35
DA:57,35
DA:59,35
DA:60,19
DA:61,19
DA:62,11
DA:63,20
DA:64,20
DA:65,11
DA:66,19
DA:67,35
DA:69,35
DA:70,19
DA:71,0
DA:72,35
DA:74,35
DA:75,3
DA:76,3
DA:77,3
DA:79,35
DA:80,11
DA:81,11
DA:82,11
DA:83,11
DA:84,11
DA:85,11
DA:86,11
DA:88,11
DA:89,11
DA:90,11
DA:92,11
DA:93,11
DA:94,11
DA:96,11
DA:97,11
DA:98,2
DA:99,2
DA:100,2
DA:101,2
DA:103,0
DA:104,2
DA:105,11
DA:106,11
DA:107,0
DA:108,11
DA:109,11
DA:110,11
DA:111,11
DA:113,35
DA:114,8
DA:115,35
DA:117,35
DA:118,19
DA:119,0
DA:120,0
DA:121,0
DA:122,35
DA:124,35
DA:125,0
DA:126,0
DA:127,0
DA:128,0
DA:129,0
DA:130,0
DA:131,0
DA:133,35
DA:134,0
DA:135,0
DA:136,0
DA:137,0
DA:138,0
DA:139,0
DA:140,0
DA:142,35
DA:143,1
DA:144,1
DA:145,1
DA:146,1
DA:147,1
DA:149,35
DA:150,1
DA:151,1
DA:152,1
DA:153,1
DA:154,1
DA:155,1
DA:156,1
DA:157,1
DA:158,1
DA:159,1
DA:160,1
DA:161,1
DA:162,1
DA:163,1
DA:164,1
DA:165,1
DA:166,1
DA:167,1
DA:168,0
DA:169,1
DA:170,1
DA:171,1
DA:172,1
DA:174,35
DA:175,1
DA:176,0
DA:177,0
DA:178,1
DA:179,1
DA:180,1
DA:181,1
DA:182,0
DA:183,0
DA:184,1
DA:186,35
DA:188,35
DA:189,1
DA:190,1
DA:191,1
DA:192,1
DA:193,1
DA:194,0
DA:195,1
DA:196,1
DA:197,0
DA:198,0
DA:199,1
DA:201,35
DA:202,1
DA:203,1
DA:204,1
DA:205,1
DA:206,1
DA:207,1
DA:208,1
DA:209,0
DA:210,0
DA:211,0
DA:212,0
DA:213,0
DA:214,1
DA:216,35
DA:217,1
DA:218,1
DA:219,1
DA:220,1
DA:221,1
DA:222,1
DA:223,1
DA:224,1
DA:225,1
DA:226,0
DA:227,0
DA:228,0
DA:229,0
DA:230,1
DA:232,35
DA:233,1
DA:234,1
DA:236,1
DA:237,1
DA:238,1
DA:239,1
DA:240,1
DA:241,1
DA:242,1
DA:243,1
DA:244,1
DA:245,1
DA:246,1
DA:247,1
DA:248,1
DA:249,0
DA:250,0
DA:251,0
DA:252,0
DA:253,0
DA:254,0
DA:255,0
DA:256,0
DA:257,0
DA:258,1
DA:259,1
DA:260,1
DA:261,1
DA:263,35
DA:264,35
DA:265,35
DA:266,35
DA:267,35
DA:268,35
DA:269,35
DA:270,35
DA:271,35
DA:272,35
DA:273,35
DA:274,35
DA:275,35
DA:276,35
DA:277,35
DA:279,35
DA:280,35
DA:281,35
DA:282,35
DA:283,35
DA:284,35
DA:285,35
DA:286,35
DA:287,35
DA:288,35
DA:289,35
DA:290,35
DA:291,35
DA:293,35
DA:294,8
DA:295,8
DA:296,8
DA:298,27
DA:299,27
DA:300,27
DA:301,27
DA:302,27
DA:303,27
DA:304,27
DA:305,27
DA:306,27
DA:307,27
DA:308,27
DA:309,27
DA:310,27
DA:311,27
DA:312,27
DA:314,27
DA:315,27
DA:316,27
DA:317,27
DA:318,27
DA:319,27
DA:320,27
DA:321,27
DA:322,27
DA:323,27
DA:324,27
DA:325,27
DA:326,27
DA:327,27
DA:329,27
DA:330,27
DA:331,8
DA:332,8
DA:333,8
DA:334,8
DA:335,8
DA:337,19
DA:338,19
DA:339,19
DA:340,19
DA:341,19
DA:342,19
DA:343,19
DA:344,19
DA:345,19
DA:346,3
DA:347,16
DA:349,19
DA:350,19
DA:351,19
DA:353,27
DA:354,27
DA:355,27
DA:357,27
DA:358,27
DA:359,27
DA:360,27
DA:361,27
DA:362,27
DA:363,27
DA:365,0
DA:366,0
DA:367,0
DA:368,0
DA:369,0
DA:370,0
DA:371,0
DA:372,0
DA:373,0
DA:374,0
DA:375,0
DA:377,0
DA:378,0
DA:379,0
DA:381,27
DA:382,27
DA:384,35
DA:386,35
DA:387,35
DA:388,35
DA:389,35
DA:390,35
DA:391,35
DA:392,35
DA:394,35
DA:395,35
DA:396,35
DA:397,0
DA:398,0
DA:399,0
DA:400,0
DA:401,0
DA:403,35
DA:404,35
DA:405,35
DA:406,35
DA:407,35
DA:408,35
DA:409,35
DA:410,35
DA:411,35
DA:412,5
DA:413,0
DA:414,0
DA:415,0
DA:416,5
DA:417,35
DA:418,35
DA:419,35
DA:420,35
DA:421,35
DA:422,35
DA:423,35
DA:424,35
DA:425,35
DA:426,35
DA:427,35
DA:428,35
DA:430,35
LF:369
LH:301
BRDA:33,0,0,35
BRDA:293,1,0,8
BRDA:296,2,0,27
BRDA:330,3,0,8
BRDA:335,4,0,19
BRDA:363,5,0,0
BRDA:422,6,0,34
BRDA:49,7,0,36
BRDA:50,8,0,35
BRDA:50,9,0,1
BRDA:51,10,0,0
BRDA:51,11,0,1
BRDA:55,12,0,35
BRDA:59,13,0,19
BRDA:61,14,0,11
BRDA:62,15,0,0
BRDA:62,16,0,20
BRDA:69,17,0,19
BRDA:70,18,0,0
BRDA:74,19,0,3
BRDA:75,20,0,0
BRDA:76,21,0,3
BRDA:79,22,0,11
BRDA:97,23,0,2
BRDA:101,24,0,0
BRDA:106,25,0,0
BRDA:93,26,0,11
BRDA:93,27,0,2
BRDA:113,28,0,8
BRDA:117,29,0,19
BRDA:118,30,0,0
BRDA:142,31,0,1
BRDA:149,32,0,1
BRDA:151,33,0,0
BRDA:167,34,0,0
BRDA:174,35,0,1
BRDA:175,36,0,0
BRDA:181,37,0,0
BRDA:186,38,0,1
BRDA:186,39,0,1
BRDA:188,40,0,1
BRDA:189,41,0,0
BRDA:196,42,0,0
BRDA:201,43,0,1
BRDA:202,44,0,0
BRDA:208,45,0,0
BRDA:216,46,0,1
BRDA:225,47,0,0
BRDA:232,48,0,1
BRDA:234,49,0,0
BRDA:237,50,0,1
BRDA:239,51,0,0
BRDA:248,52,0,0
BRDA:321,53,0,1
BRDA:322,54,0,1
BRDA:323,55,0,1
BRDA:324,56,0,1
BRDA:325,57,0,1
BRDA:338,58,0,19
BRDA:342,59,0,3
BRDA:342,60,0,16
BRDA:345,61,0,3
BRDA:346,62,0,16
BRDA:346,63,0,1
BRDA:409,64,0,5
BRDA:411,65,0,5
BRDA:412,66,0,0
BRDA:422,67,0,1
BRF:68
BRH:47
end_of_record
TN:
SF:src/components/features/SelectPackDialog.tsx
FN:15,SelectPackDialog
FN:48,loadPacks
FN:60,togglePack
FN:72,handleCreatePack
FN:97,handleConfirm
FN:122,onChange
FN:133,onChange
FN:135,onKeyDown
FN:144,onClick
FN:153,onClick
FN:156,onClick
FNF:11
FNH:10
FNDA:19,SelectPackDialog
FNDA:3,loadPacks
FNDA:1,togglePack
FNDA:1,handleCreatePack
FNDA:2,handleConfirm
FNDA:1,onChange
FNDA:4,onChange
FNDA:5,onKeyDown
FNDA:0,onClick
FNDA:1,onClick
FNDA:2,onClick
DA:1,1
DA:2,1
DA:4,1
DA:5,1
DA:6,1
DA:15,1
DA:16,19
DA:17,19
DA:18,19
DA:19,19
DA:20,19
DA:21,19
DA:22,19
DA:23,19
DA:24,19
DA:25,19
DA:27,19
DA:28,19
DA:29,19
DA:30,19
DA:32,19
DA:33,3
DA:34,3
DA:35,19
DA:37,19
DA:38,6
DA:39,6
DA:40,2
DA:41,2
DA:42,2
DA:43,6
DA:44,2
DA:45,2
DA:46,19
DA:48,19
DA:49,3
DA:50,3
DA:51,3
DA:52,3
DA:53,3
DA:54,0
DA:55,3
DA:56,3
DA:57,3
DA:58,3
DA:60,19
DA:61,1
DA:62,1
DA:63,1
DA:64,0
DA:65,1
DA:66,1
DA:67,1
DA:68,1
DA:69,1
DA:70,1
DA:72,19
DA:73,1
DA:74,1
DA:75,1
DA:76,1
DA:77,1
DA:78,1
DA:79,1
DA:80,1
DA:81,1
DA:82,1
DA:83,1
DA:84,1
DA:85,1
DA:86,1
DA:87,1
DA:88,1
DA:89,1
DA:90,1
DA:91,0
DA:92,1
DA:93,1
DA:94,1
DA:95,1
DA:97,19
DA:98,2
DA:99,2
DA:100,2
DA:101,2
DA:103,19
DA:104,19
DA:105,19
DA:106,19
DA:107,19
DA:108,19
DA:110,19
DA:111,19
DA:112,19
DA:113,3
DA:114,16
DA:115,9
DA:117,7
DA:118,12
DA:119,12
DA:120,12
DA:121,12
DA:122,12
DA:123,12
DA:124,12
DA:125,12
DA:126,7
DA:128,19
DA:130,19
DA:131,19
DA:132,19
DA:133,19
DA:134,19
DA:135,19
DA:136,5
DA:137,1
DA:138,1
DA:139,1
DA:140,5
DA:141,19
DA:142,19
DA:143,19
DA:144,19
DA:145,19
DA:146,19
DA:148,19
DA:149,19
DA:150,19
DA:152,19
DA:153,19
DA:155,19
DA:156,19
DA:157,19
DA:158,19
DA:159,19
DA:161,19
LF:136
LH:133
BRDA:15,0,0,19
BRDA:112,1,0,3
BRDA:113,2,0,16
BRDA:114,3,0,9
BRDA:115,4,0,7
BRDA:145,5,0,18
BRDA:28,6,0,7
BRDA:28,7,0,2
BRDA:28,8,0,5
BRDA:28,9,0,1
BRDA:28,10,0,3
BRDA:32,11,0,3
BRDA:33,12,0,0
BRDA:37,13,0,6
BRDA:38,14,0,0
BRDA:39,15,0,2
BRDA:39,16,0,2
BRDA:42,17,0,4
BRDA:43,18,0,2
BRDA:48,19,0,3
BRDA:53,20,0,0
BRDA:60,21,0,1
BRDA:61,22,0,1
BRDA:63,23,0,0
BRDA:72,24,0,1
BRDA:74,25,0,0
BRDA:90,26,0,0
BRDA:87,27,0,1
BRDA:88,28,0,1
BRDA:97,29,0,2
BRDA:117,30,0,12
BRDA:122,31,0,1
BRDA:133,32,0,4
BRDA:135,33,0,5
BRDA:136,34,0,1
BRDA:153,35,0,1
BRDA:156,36,0,2
BRF:37
BRH:31
end_of_record
TN:
SF:src/components/features/WordRecitePanel.tsx
FN:15,formatLocalDate
FN:22,WordRecitePanel
FN:44,loadQueue
FN:61,handleGrade
FN:119,onClick
FN:127,onClick
FN:134,onClick
FN:138,onClick
FNF:8
FNH:7
FNDA:6,formatLocalDate
FNDA:53,WordRecitePanel
FNDA:4,loadQueue
FNDA:2,handleGrade
FNDA:2,onClick
FNDA:0,onClick
FNDA:1,onClick
FNDA:1,onClick
DA:1,1
DA:2,1
DA:4,1
DA:5,1
DA:15,6
DA:16,6
DA:17,6
DA:18,6
DA:19,6
DA:20,6
DA:22,1
DA:23,53
DA:24,53
DA:25,53
DA:26,53
DA:27,53
DA:28,53
DA:29,53
DA:30,53
DA:31,53
DA:32,53
DA:33,53
DA:35,53
DA:37,53
DA:38,12
DA:39,4
DA:40,4
DA:41,4
DA:42,53
DA:44,53
DA:45,4
DA:46,4
DA:47,4
DA:48,4
DA:49,4
DA:50,4
DA:51,4
DA:52,3
DA:53,4
DA:54,1
DA:55,1
DA:56,4
DA:57,4
DA:58,4
DA:59,4
DA:61,53
DA:62,2
DA:63,2
DA:64,2
DA:65,2
DA:66,2
DA:67,2
DA:68,2
DA:69,2
DA:70,2
DA:72,2
DA:73,2
DA:74,2
DA:75,2
DA:76,2
DA:77,0
DA:78,2
DA:79,2
DA:80,2
DA:81,2
DA:83,53
DA:84,53
DA:85,53
DA:86,53
DA:87,53
DA:88,53
DA:90,53
DA:91,4
DA:92,49
DA:93,43
DA:94,43
DA:95,43
DA:96,43
DA:98,6
DA:99,6
DA:100,6
DA:101,6
DA:102,6
DA:103,6
DA:104,6
DA:106,6
DA:107,4
DA:108,4
DA:109,4
DA:110,4
DA:111,4
DA:112,4
DA:114,2
DA:116,6
DA:118,6
DA:119,2
DA:121,2
DA:123,4
DA:124,4
DA:125,4
DA:126,4
DA:127,4
DA:128,4
DA:130,4
DA:131,4
DA:132,4
DA:133,4
DA:134,4
DA:135,4
DA:137,4
DA:138,4
DA:140,4
DA:141,4
DA:143,6
DA:145,53
DA:146,53
DA:148,53
LF:117
LH:116
BRDA:15,0,0,6
BRDA:22,1,0,53
BRDA:90,2,0,4
BRDA:91,3,0,49
BRDA:92,4,0,43
BRDA:96,5,0,6
BRDA:104,6,0,0
BRDA:106,7,0,4
BRDA:110,8,0,0
BRDA:111,9,0,0
BRDA:112,10,0,2
BRDA:118,11,0,2
BRDA:121,12,0,4
BRDA:35,13,0,18
BRDA:37,14,0,12
BRDA:38,15,0,8
BRDA:38,16,0,4
BRDA:44,17,0,4
BRDA:51,18,0,3
BRDA:53,19,0,1
BRDA:61,20,0,2
BRDA:62,21,0,0
BRDA:76,22,0,0
BRDA:72,23,0,2
BRDA:72,24,0,2
BRDA:119,25,0,2
BRDA:134,26,0,1
BRDA:138,27,0,1
BRF:28
BRH:23
end_of_record
